<?xml version="1.0" encoding="UTF-8"?>
<testsuite name="eecs1022.lab7.bank.Tests" tests="6" skipped="0" failures="0" errors="0" timestamp="2024-12-28T21:38:10" hostname="DESKTOP-UOVNLAF" time="0.016">
  <properties/>
  <testcase name="test_01" classname="eecs1022.lab7.bank.Tests" time="0.005"/>
  <testcase name="test_02a" classname="eecs1022.lab7.bank.Tests" time="0.003"/>
  <testcase name="test_02b" classname="eecs1022.lab7.bank.Tests" time="0.0"/>
  <testcase name="test_03a" classname="eecs1022.lab7.bank.Tests" time="0.001"/>
  <testcase name="test_03b" classname="eecs1022.lab7.bank.Tests" time="0.002"/>
  <testcase name="test_03c" classname="eecs1022.lab7.bank.Tests" time="0.003"/>
  <system-out><![CDATA[]]></system-out>
  <system-err><![CDATA[]]></system-err>
</testsuite>
